{
  "RSpec": {
    "coverage": {
      "/Users/davidnelson/DPL/projects/mobile_noms/app/models/user.rb": [
        1,
        null,
        null,
        1,
        null,
        null,
        1,
        1,
        null
      ],
      "/Users/davidnelson/DPL/projects/mobile_noms/app/helpers/application_helper.rb": [
        1,
        null,
        null
      ],
      "/Users/davidnelson/DPL/projects/mobile_noms/app/helpers/locations_helper.rb": [
        1,
        null
      ],
      "/Users/davidnelson/DPL/projects/mobile_noms/app/helpers/site_helper.rb": [
        1,
        null
      ],
      "/Users/davidnelson/DPL/projects/mobile_noms/app/helpers/trucks_helper.rb": [
        1,
        null,
        1,
        2,
        12,
        null,
        2,
        null,
        24,
        null,
        2,
        null,
        14,
        null,
        2,
        null,
        2,
        null,
        null
      ],
      "/Users/davidnelson/DPL/projects/mobile_noms/app/controllers/locations_controller.rb": [
        1,
        1,
        null,
        1,
        1,
        null,
        null,
        1,
        1,
        null,
        null,
        1,
        1,
        1,
        1,
        2,
        1,
        null,
        null,
        null,
        null,
        null,
        1,
        null,
        1,
        1,
        null,
        null,
        null
      ],
      "/Users/davidnelson/DPL/projects/mobile_noms/app/controllers/application_controller.rb": [
        1,
        1,
        null,
        null,
        1,
        null,
        1,
        0,
        0,
        null,
        null
      ],
      "/Users/davidnelson/DPL/projects/mobile_noms/app/controllers/site_controller.rb": [
        1,
        1,
        null,
        null
      ],
      "/Users/davidnelson/DPL/projects/mobile_noms/app/controllers/trucks_controller.rb": [
        1,
        1,
        1,
        1,
        null,
        1,
        null,
        null,
        null,
        null,
        null,
        null,
        1,
        null,
        null,
        null,
        1,
        null,
        null,
        1,
        1,
        null,
        null,
        1,
        2,
        2,
        2,
        1,
        1,
        null,
        1,
        1,
        null,
        null,
        null,
        1,
        null,
        null,
        1,
        2,
        1,
        1,
        null,
        1,
        1,
        null,
        null,
        null,
        1,
        1,
        1,
        1,
        null,
        null,
        1,
        null,
        1,
        null,
        4,
        null,
        null,
        null,
        1,
        8,
        null,
        null,
        1,
        5,
        null,
        null,
        1,
        2,
        null,
        null
      ],
      "/Users/davidnelson/DPL/projects/mobile_noms/app/models/location.rb": [
        1,
        1,
        1,
        1,
        1,
        1,
        1,
        1,
        1,
        1,
        null,
        null,
        1,
        1,
        null,
        null,
        null,
        1,
        null,
        1,
        3,
        null,
        null,
        null,
        1,
        null,
        1,
        20,
        null,
        null,
        1,
        20,
        null,
        null,
        null,
        null
      ],
      "/Users/davidnelson/DPL/projects/mobile_noms/app/models/truck.rb": [
        1,
        1,
        null,
        1,
        1,
        1,
        1,
        null,
        1,
        null,
        1,
        null,
        1,
        13,
        13,
        null,
        null,
        null
      ],
      "/Users/davidnelson/DPL/projects/mobile_noms/app/uploaders/image_uploader.rb": [
        null,
        null,
        1,
        null,
        null,
        null,
        1,
        null,
        null,
        1,
        null,
        null,
        null,
        null,
        1,
        0,
        null,
        null,
        null,
        1,
        null,
        null,
        null,
        null,
        0,
        null,
        null,
        null,
        null,
        null,
        null,
        null,
        null,
        null,
        null,
        null,
        1,
        1,
        null,
        null,
        1,
        1,
        null,
        null,
        null,
        null,
        1,
        0,
        null,
        null,
        null,
        null,
        null,
        null,
        null,
        null,
        null
      ]
    },
    "timestamp": 1405558502
  }
}
